{"C:\\Users\\SILVIA\\Desktop\\stack\\server\\cloudinary.js": {"path":"C:\\Users\\SILVIA\\Desktop\\stack\\server\\cloudinary.js","statementMap":{"0":{"start":{"line":4,"column":0},"end":{"line":4,"column":16}},"1":{"start":{"line":6,"column":0},"end":{"line":20,"column":1}},"2":{"start":{"line":11,"column":2},"end":{"line":15,"column":5}},"3":{"start":{"line":17,"column":2},"end":{"line":17,"column":43}},"4":{"start":{"line":19,"column":2},"end":{"line":19,"column":80}}},"fnMap":{},"branchMap":{"0":{"loc":{"start":{"line":6,"column":0},"end":{"line":20,"column":1}},"type":"if","locations":[{"start":{"line":6,"column":0},"end":{"line":20,"column":1}},{"start":{"line":18,"column":7},"end":{"line":20,"column":1}}],"line":6},"1":{"loc":{"start":{"line":7,"column":2},"end":{"line":9,"column":35}},"type":"binary-expr","locations":[{"start":{"line":7,"column":2},"end":{"line":7,"column":35}},{"start":{"line":8,"column":2},"end":{"line":8,"column":32}},{"start":{"line":9,"column":2},"end":{"line":9,"column":35}}],"line":7}},"s":{"0":3,"1":3,"2":3,"3":3,"4":0},"f":{},"b":{"0":[3,0],"1":[3,3,3]},"inputSourceMap":null,"_coverageSchema":"1a1c01bbd47fc00a2c39e90264f33305004495a9","hash":"1f4765b53ae7c47f38e844a385278b6965c67874"}
,"C:\\Users\\SILVIA\\Desktop\\stack\\server\\db.js": {"path":"C:\\Users\\SILVIA\\Desktop\\stack\\server\\db.js","statementMap":{"0":{"start":{"line":4,"column":0},"end":{"line":4,"column":16}},"1":{"start":{"line":7,"column":18},"end":{"line":7,"column":51}},"2":{"start":{"line":10,"column":13},"end":{"line":25,"column":2}},"3":{"start":{"line":28,"column":0},"end":{"line":38,"column":5}},"4":{"start":{"line":29,"column":2},"end":{"line":37,"column":3}},"5":{"start":{"line":30,"column":23},"end":{"line":30,"column":49}},"6":{"start":{"line":31,"column":4},"end":{"line":33,"column":6}},"7":{"start":{"line":34,"column":4},"end":{"line":34,"column":25}},"8":{"start":{"line":36,"column":4},"end":{"line":36,"column":65}}},"fnMap":{"0":{"name":"(anonymous_0)","decl":{"start":{"line":28,"column":1},"end":{"line":28,"column":2}},"loc":{"start":{"line":28,"column":13},"end":{"line":38,"column":1}},"line":28}},"branchMap":{"0":{"loc":{"start":{"line":22,"column":7},"end":{"line":24,"column":11}},"type":"cond-expr","locations":[{"start":{"line":23,"column":6},"end":{"line":23,"column":35}},{"start":{"line":24,"column":6},"end":{"line":24,"column":11}}],"line":22},"1":{"loc":{"start":{"line":32,"column":43},"end":{"line":32,"column":74}},"type":"cond-expr","locations":[{"start":{"line":32,"column":55},"end":{"line":32,"column":64}},{"start":{"line":32,"column":67},"end":{"line":32,"column":74}}],"line":32}},"s":{"0":3,"1":3,"2":3,"3":3,"4":3,"5":3,"6":3,"7":3,"8":0},"f":{"0":3},"b":{"0":[0,3],"1":[0,3]},"inputSourceMap":null,"_coverageSchema":"1a1c01bbd47fc00a2c39e90264f33305004495a9","hash":"efc42669ef07da2dbfc444d24eef6be9c660ed37"}
,"C:\\Users\\SILVIA\\Desktop\\stack\\server\\index.js": {"path":"C:\\Users\\SILVIA\\Desktop\\stack\\server\\index.js","statementMap":{"0":{"start":{"line":6,"column":0},"end":{"line":6,"column":16}},"1":{"start":{"line":14,"column":12},"end":{"line":14,"column":21}},"2":{"start":{"line":16,"column":0},"end":{"line":16,"column":16}},"3":{"start":{"line":17,"column":0},"end":{"line":17,"column":24}},"4":{"start":{"line":18,"column":0},"end":{"line":18,"column":23}},"5":{"start":{"line":21,"column":0},"end":{"line":21,"column":29}},"6":{"start":{"line":22,"column":0},"end":{"line":22,"column":28}},"7":{"start":{"line":23,"column":0},"end":{"line":23,"column":29}},"8":{"start":{"line":24,"column":0},"end":{"line":24,"column":28}},"9":{"start":{"line":25,"column":0},"end":{"line":25,"column":29}},"10":{"start":{"line":28,"column":13},"end":{"line":28,"column":17}},"11":{"start":{"line":30,"column":0},"end":{"line":35,"column":1}},"12":{"start":{"line":31,"column":15},"end":{"line":31,"column":39}},"13":{"start":{"line":32,"column":2},"end":{"line":34,"column":5}},"14":{"start":{"line":33,"column":4},"end":{"line":33,"column":53}}},"fnMap":{"0":{"name":"(anonymous_0)","decl":{"start":{"line":32,"column":28},"end":{"line":32,"column":29}},"loc":{"start":{"line":32,"column":34},"end":{"line":34,"column":3}},"line":32}},"branchMap":{"0":{"loc":{"start":{"line":30,"column":0},"end":{"line":35,"column":1}},"type":"if","locations":[{"start":{"line":30,"column":0},"end":{"line":35,"column":1}},{"start":{},"end":{}}],"line":30},"1":{"loc":{"start":{"line":31,"column":15},"end":{"line":31,"column":39}},"type":"binary-expr","locations":[{"start":{"line":31,"column":15},"end":{"line":31,"column":31}},{"start":{"line":31,"column":35},"end":{"line":31,"column":39}}],"line":31}},"s":{"0":3,"1":3,"2":3,"3":3,"4":3,"5":3,"6":3,"7":3,"8":3,"9":3,"10":3,"11":3,"12":0,"13":0,"14":0},"f":{"0":0},"b":{"0":[0,3],"1":[0,0]},"inputSourceMap":null,"_coverageSchema":"1a1c01bbd47fc00a2c39e90264f33305004495a9","hash":"46e7dc811b89798f1bfadcbdd0a7b9bca80f38c8"}
,"C:\\Users\\SILVIA\\Desktop\\stack\\server\\controllers\\auth.controllers.js": {"path":"C:\\Users\\SILVIA\\Desktop\\stack\\server\\controllers\\auth.controllers.js","statementMap":{"0":{"start":{"line":3,"column":21},"end":{"line":21,"column":1}},"1":{"start":{"line":4,"column":29},"end":{"line":4,"column":37}},"2":{"start":{"line":6,"column":2},"end":{"line":20,"column":3}},"3":{"start":{"line":7,"column":19},"end":{"line":10,"column":5}},"4":{"start":{"line":12,"column":4},"end":{"line":14,"column":5}},"5":{"start":{"line":13,"column":6},"end":{"line":13,"column":75}},"6":{"start":{"line":16,"column":4},"end":{"line":16,"column":22}},"7":{"start":{"line":18,"column":4},"end":{"line":18,"column":44}},"8":{"start":{"line":19,"column":4},"end":{"line":19,"column":75}}},"fnMap":{"0":{"name":"(anonymous_0)","decl":{"start":{"line":3,"column":21},"end":{"line":3,"column":22}},"loc":{"start":{"line":3,"column":41},"end":{"line":21,"column":1}},"line":3}},"branchMap":{"0":{"loc":{"start":{"line":12,"column":4},"end":{"line":14,"column":5}},"type":"if","locations":[{"start":{"line":12,"column":4},"end":{"line":14,"column":5}},{"start":{},"end":{}}],"line":12}},"s":{"0":3,"1":4,"2":4,"3":4,"4":4,"5":2,"6":2,"7":0,"8":0},"f":{"0":4},"b":{"0":[2,2]},"inputSourceMap":null,"_coverageSchema":"1a1c01bbd47fc00a2c39e90264f33305004495a9","hash":"11655385be06c976dd47ab22057dc27dfe588f35"}
,"C:\\Users\\SILVIA\\Desktop\\stack\\server\\controllers\\loans.controllers.js": {"path":"C:\\Users\\SILVIA\\Desktop\\stack\\server\\controllers\\loans.controllers.js","statementMap":{"0":{"start":{"line":6,"column":24},"end":{"line":16,"column":1}},"1":{"start":{"line":7,"column":2},"end":{"line":15,"column":3}},"2":{"start":{"line":8,"column":19},"end":{"line":10,"column":5}},"3":{"start":{"line":11,"column":4},"end":{"line":11,"column":19}},"4":{"start":{"line":13,"column":4},"end":{"line":13,"column":25}},"5":{"start":{"line":14,"column":4},"end":{"line":14,"column":68}},"6":{"start":{"line":21,"column":23},"end":{"line":36,"column":1}},"7":{"start":{"line":22,"column":2},"end":{"line":35,"column":3}},"8":{"start":{"line":23,"column":19},"end":{"line":26,"column":5}},"9":{"start":{"line":28,"column":4},"end":{"line":30,"column":5}},"10":{"start":{"line":29,"column":6},"end":{"line":29,"column":73}},"11":{"start":{"line":32,"column":4},"end":{"line":32,"column":22}},"12":{"start":{"line":34,"column":4},"end":{"line":34,"column":67}},"13":{"start":{"line":42,"column":26},"end":{"line":97,"column":1}},"14":{"start":{"line":43,"column":21},"end":{"line":43,"column":47}},"15":{"start":{"line":45,"column":2},"end":{"line":96,"column":3}},"16":{"start":{"line":46,"column":59},"end":{"line":46,"column":67}},"17":{"start":{"line":49,"column":4},"end":{"line":49,"column":40}},"18":{"start":{"line":52,"column":19},"end":{"line":54,"column":5}},"19":{"start":{"line":55,"column":19},"end":{"line":55,"column":43}},"20":{"start":{"line":58,"column":4},"end":{"line":70,"column":6}},"21":{"start":{"line":73,"column":4},"end":{"line":76,"column":6}},"22":{"start":{"line":79,"column":4},"end":{"line":79,"column":30}},"23":{"start":{"line":81,"column":4},"end":{"line":88,"column":7}},"24":{"start":{"line":91,"column":4},"end":{"line":91,"column":32}},"25":{"start":{"line":92,"column":4},"end":{"line":92,"column":54}},"26":{"start":{"line":93,"column":4},"end":{"line":93,"column":65}},"27":{"start":{"line":95,"column":4},"end":{"line":95,"column":25}},"28":{"start":{"line":103,"column":26},"end":{"line":150,"column":1}},"29":{"start":{"line":104,"column":21},"end":{"line":104,"column":47}},"30":{"start":{"line":106,"column":2},"end":{"line":149,"column":3}},"31":{"start":{"line":107,"column":4},"end":{"line":107,"column":40}},"32":{"start":{"line":110,"column":19},"end":{"line":113,"column":5}},"33":{"start":{"line":115,"column":4},"end":{"line":118,"column":5}},"34":{"start":{"line":116,"column":6},"end":{"line":116,"column":34}},"35":{"start":{"line":117,"column":6},"end":{"line":117,"column":73}},"36":{"start":{"line":120,"column":17},"end":{"line":120,"column":24}},"37":{"start":{"line":123,"column":4},"end":{"line":126,"column":6}},"38":{"start":{"line":129,"column":4},"end":{"line":132,"column":6}},"39":{"start":{"line":134,"column":4},"end":{"line":134,"column":30}},"40":{"start":{"line":136,"column":22},"end":{"line":139,"column":5}},"41":{"start":{"line":141,"column":4},"end":{"line":141,"column":25}},"42":{"start":{"line":144,"column":4},"end":{"line":144,"column":32}},"43":{"start":{"line":145,"column":4},"end":{"line":145,"column":58}},"44":{"start":{"line":146,"column":4},"end":{"line":146,"column":68}},"45":{"start":{"line":148,"column":4},"end":{"line":148,"column":25}},"46":{"start":{"line":155,"column":26},"end":{"line":171,"column":1}},"47":{"start":{"line":156,"column":2},"end":{"line":170,"column":3}},"48":{"start":{"line":157,"column":4},"end":{"line":160,"column":6}},"49":{"start":{"line":162,"column":19},"end":{"line":165,"column":5}},"50":{"start":{"line":167,"column":4},"end":{"line":167,"column":22}},"51":{"start":{"line":169,"column":4},"end":{"line":169,"column":70}},"52":{"start":{"line":176,"column":26},"end":{"line":186,"column":1}},"53":{"start":{"line":177,"column":2},"end":{"line":185,"column":3}},"54":{"start":{"line":178,"column":4},"end":{"line":181,"column":6}},"55":{"start":{"line":182,"column":4},"end":{"line":182,"column":48}},"56":{"start":{"line":184,"column":4},"end":{"line":184,"column":68}}},"fnMap":{"0":{"name":"(anonymous_0)","decl":{"start":{"line":6,"column":24},"end":{"line":6,"column":25}},"loc":{"start":{"line":6,"column":44},"end":{"line":16,"column":1}},"line":6},"1":{"name":"(anonymous_1)","decl":{"start":{"line":21,"column":23},"end":{"line":21,"column":24}},"loc":{"start":{"line":21,"column":43},"end":{"line":36,"column":1}},"line":21},"2":{"name":"(anonymous_2)","decl":{"start":{"line":42,"column":26},"end":{"line":42,"column":27}},"loc":{"start":{"line":42,"column":46},"end":{"line":97,"column":1}},"line":42},"3":{"name":"(anonymous_3)","decl":{"start":{"line":103,"column":26},"end":{"line":103,"column":27}},"loc":{"start":{"line":103,"column":46},"end":{"line":150,"column":1}},"line":103},"4":{"name":"(anonymous_4)","decl":{"start":{"line":155,"column":26},"end":{"line":155,"column":27}},"loc":{"start":{"line":155,"column":46},"end":{"line":171,"column":1}},"line":155},"5":{"name":"(anonymous_5)","decl":{"start":{"line":176,"column":26},"end":{"line":176,"column":27}},"loc":{"start":{"line":176,"column":46},"end":{"line":186,"column":1}},"line":176}},"branchMap":{"0":{"loc":{"start":{"line":28,"column":4},"end":{"line":30,"column":5}},"type":"if","locations":[{"start":{"line":28,"column":4},"end":{"line":30,"column":5}},{"start":{},"end":{}}],"line":28},"1":{"loc":{"start":{"line":55,"column":20},"end":{"line":55,"column":38}},"type":"binary-expr","locations":[{"start":{"line":55,"column":20},"end":{"line":55,"column":33}},{"start":{"line":55,"column":37},"end":{"line":55,"column":38}}],"line":55},"2":{"loc":{"start":{"line":115,"column":4},"end":{"line":118,"column":5}},"type":"if","locations":[{"start":{"line":115,"column":4},"end":{"line":118,"column":5}},{"start":{},"end":{}}],"line":115}},"s":{"0":3,"1":1,"2":1,"3":1,"4":0,"5":0,"6":3,"7":0,"8":0,"9":0,"10":0,"11":0,"12":0,"13":3,"14":1,"15":1,"16":1,"17":1,"18":1,"19":1,"20":1,"21":1,"22":1,"23":1,"24":0,"25":0,"26":0,"27":1,"28":3,"29":1,"30":1,"31":1,"32":1,"33":1,"34":0,"35":0,"36":1,"37":1,"38":1,"39":1,"40":1,"41":1,"42":0,"43":0,"44":0,"45":1,"46":3,"47":1,"48":1,"49":1,"50":1,"51":0,"52":3,"53":1,"54":1,"55":1,"56":0},"f":{"0":1,"1":0,"2":1,"3":1,"4":1,"5":1},"b":{"0":[0,0],"1":[1,0],"2":[0,1]},"inputSourceMap":null,"_coverageSchema":"1a1c01bbd47fc00a2c39e90264f33305004495a9","hash":"e42a503cc3ab0d32ac8a21e5510b53b0ef9ceb6a"}
,"C:\\Users\\SILVIA\\Desktop\\stack\\server\\controllers\\tasks.controllers.js": {"path":"C:\\Users\\SILVIA\\Desktop\\stack\\server\\controllers\\tasks.controllers.js","statementMap":{"0":{"start":{"line":7,"column":24},"end":{"line":15,"column":1}},"1":{"start":{"line":8,"column":2},"end":{"line":14,"column":3}},"2":{"start":{"line":9,"column":19},"end":{"line":9,"column":75}},"3":{"start":{"line":10,"column":4},"end":{"line":10,"column":19}},"4":{"start":{"line":12,"column":4},"end":{"line":12,"column":25}},"5":{"start":{"line":13,"column":4},"end":{"line":13,"column":65}},"6":{"start":{"line":20,"column":23},"end":{"line":34,"column":1}},"7":{"start":{"line":21,"column":2},"end":{"line":33,"column":3}},"8":{"start":{"line":22,"column":19},"end":{"line":24,"column":6}},"9":{"start":{"line":26,"column":4},"end":{"line":28,"column":5}},"10":{"start":{"line":27,"column":6},"end":{"line":27,"column":70}},"11":{"start":{"line":30,"column":4},"end":{"line":30,"column":22}},"12":{"start":{"line":32,"column":4},"end":{"line":32,"column":64}},"13":{"start":{"line":39,"column":26},"end":{"line":90,"column":1}},"14":{"start":{"line":40,"column":2},"end":{"line":89,"column":3}},"15":{"start":{"line":41,"column":35},"end":{"line":41,"column":43}},"16":{"start":{"line":42,"column":19},"end":{"line":42,"column":23}},"17":{"start":{"line":45,"column":19},"end":{"line":45,"column":73}},"18":{"start":{"line":46,"column":19},"end":{"line":46,"column":43}},"19":{"start":{"line":49,"column":4},"end":{"line":61,"column":5}},"20":{"start":{"line":54,"column":21},"end":{"line":59,"column":7}},"21":{"start":{"line":60,"column":6},"end":{"line":60,"column":35}},"22":{"start":{"line":64,"column":4},"end":{"line":76,"column":6}},"23":{"start":{"line":78,"column":4},"end":{"line":85,"column":7}},"24":{"start":{"line":87,"column":4},"end":{"line":87,"column":51}},"25":{"start":{"line":88,"column":4},"end":{"line":88,"column":62}},"26":{"start":{"line":95,"column":26},"end":{"line":131,"column":1}},"27":{"start":{"line":96,"column":2},"end":{"line":130,"column":3}},"28":{"start":{"line":97,"column":35},"end":{"line":97,"column":43}},"29":{"start":{"line":98,"column":19},"end":{"line":98,"column":23}},"30":{"start":{"line":100,"column":4},"end":{"line":112,"column":5}},"31":{"start":{"line":105,"column":21},"end":{"line":110,"column":7}},"32":{"start":{"line":111,"column":6},"end":{"line":111,"column":35}},"33":{"start":{"line":114,"column":19},"end":{"line":114,"column":41}},"34":{"start":{"line":115,"column":4},"end":{"line":115,"column":42}},"35":{"start":{"line":115,"column":18},"end":{"line":115,"column":42}},"36":{"start":{"line":117,"column":4},"end":{"line":120,"column":7}},"37":{"start":{"line":122,"column":19},"end":{"line":124,"column":6}},"38":{"start":{"line":126,"column":4},"end":{"line":126,"column":22}},"39":{"start":{"line":128,"column":4},"end":{"line":128,"column":56}},"40":{"start":{"line":129,"column":4},"end":{"line":129,"column":67}},"41":{"start":{"line":136,"column":26},"end":{"line":143,"column":1}},"42":{"start":{"line":137,"column":2},"end":{"line":142,"column":3}},"43":{"start":{"line":138,"column":4},"end":{"line":138,"column":72}},"44":{"start":{"line":139,"column":4},"end":{"line":139,"column":24}},"45":{"start":{"line":141,"column":4},"end":{"line":141,"column":65}},"46":{"start":{"line":148,"column":26},"end":{"line":169,"column":1}},"47":{"start":{"line":149,"column":2},"end":{"line":168,"column":3}},"48":{"start":{"line":150,"column":19},"end":{"line":152,"column":6}},"49":{"start":{"line":154,"column":21},"end":{"line":154,"column":47}},"50":{"start":{"line":156,"column":4},"end":{"line":159,"column":7}},"51":{"start":{"line":161,"column":22},"end":{"line":163,"column":6}},"52":{"start":{"line":165,"column":4},"end":{"line":165,"column":25}},"53":{"start":{"line":167,"column":4},"end":{"line":167,"column":65}}},"fnMap":{"0":{"name":"(anonymous_0)","decl":{"start":{"line":7,"column":24},"end":{"line":7,"column":25}},"loc":{"start":{"line":7,"column":44},"end":{"line":15,"column":1}},"line":7},"1":{"name":"(anonymous_1)","decl":{"start":{"line":20,"column":23},"end":{"line":20,"column":24}},"loc":{"start":{"line":20,"column":43},"end":{"line":34,"column":1}},"line":20},"2":{"name":"(anonymous_2)","decl":{"start":{"line":39,"column":26},"end":{"line":39,"column":27}},"loc":{"start":{"line":39,"column":46},"end":{"line":90,"column":1}},"line":39},"3":{"name":"(anonymous_3)","decl":{"start":{"line":95,"column":26},"end":{"line":95,"column":27}},"loc":{"start":{"line":95,"column":46},"end":{"line":131,"column":1}},"line":95},"4":{"name":"(anonymous_4)","decl":{"start":{"line":136,"column":26},"end":{"line":136,"column":27}},"loc":{"start":{"line":136,"column":46},"end":{"line":143,"column":1}},"line":136},"5":{"name":"(anonymous_5)","decl":{"start":{"line":148,"column":26},"end":{"line":148,"column":27}},"loc":{"start":{"line":148,"column":46},"end":{"line":169,"column":1}},"line":148}},"branchMap":{"0":{"loc":{"start":{"line":26,"column":4},"end":{"line":28,"column":5}},"type":"if","locations":[{"start":{"line":26,"column":4},"end":{"line":28,"column":5}},{"start":{},"end":{}}],"line":26},"1":{"loc":{"start":{"line":46,"column":20},"end":{"line":46,"column":38}},"type":"binary-expr","locations":[{"start":{"line":46,"column":20},"end":{"line":46,"column":33}},{"start":{"line":46,"column":37},"end":{"line":46,"column":38}}],"line":46},"2":{"loc":{"start":{"line":49,"column":4},"end":{"line":61,"column":5}},"type":"if","locations":[{"start":{"line":49,"column":4},"end":{"line":61,"column":5}},{"start":{},"end":{}}],"line":49},"3":{"loc":{"start":{"line":50,"column":6},"end":{"line":52,"column":39}},"type":"binary-expr","locations":[{"start":{"line":50,"column":6},"end":{"line":50,"column":14}},{"start":{"line":51,"column":6},"end":{"line":51,"column":36}},{"start":{"line":52,"column":6},"end":{"line":52,"column":39}}],"line":50},"4":{"loc":{"start":{"line":100,"column":4},"end":{"line":112,"column":5}},"type":"if","locations":[{"start":{"line":100,"column":4},"end":{"line":112,"column":5}},{"start":{},"end":{}}],"line":100},"5":{"loc":{"start":{"line":101,"column":6},"end":{"line":103,"column":39}},"type":"binary-expr","locations":[{"start":{"line":101,"column":6},"end":{"line":101,"column":14}},{"start":{"line":102,"column":6},"end":{"line":102,"column":36}},{"start":{"line":103,"column":6},"end":{"line":103,"column":39}}],"line":101},"6":{"loc":{"start":{"line":115,"column":4},"end":{"line":115,"column":42}},"type":"if","locations":[{"start":{"line":115,"column":4},"end":{"line":115,"column":42}},{"start":{},"end":{}}],"line":115},"7":{"loc":{"start":{"line":154,"column":21},"end":{"line":154,"column":47}},"type":"cond-expr","locations":[{"start":{"line":154,"column":42},"end":{"line":154,"column":43}},{"start":{"line":154,"column":46},"end":{"line":154,"column":47}}],"line":154}},"s":{"0":3,"1":1,"2":1,"3":1,"4":0,"5":0,"6":3,"7":0,"8":0,"9":0,"10":0,"11":0,"12":0,"13":3,"14":1,"15":1,"16":1,"17":1,"18":1,"19":1,"20":0,"21":0,"22":1,"23":1,"24":0,"25":0,"26":3,"27":1,"28":1,"29":1,"30":1,"31":0,"32":0,"33":1,"34":1,"35":0,"36":1,"37":1,"38":1,"39":0,"40":0,"41":3,"42":1,"43":1,"44":1,"45":0,"46":3,"47":0,"48":0,"49":0,"50":0,"51":0,"52":0,"53":0},"f":{"0":1,"1":0,"2":1,"3":1,"4":1,"5":0},"b":{"0":[0,0],"1":[1,0],"2":[0,1],"3":[1,0,0],"4":[0,1],"5":[1,0,0],"6":[0,1],"7":[0,0]},"inputSourceMap":null,"_coverageSchema":"1a1c01bbd47fc00a2c39e90264f33305004495a9","hash":"65596fe967d6b511d822438a2379fdb896aba26b"}
,"C:\\Users\\SILVIA\\Desktop\\stack\\server\\middlewares\\upload.js": {"path":"C:\\Users\\SILVIA\\Desktop\\stack\\server\\middlewares\\upload.js","statementMap":{"0":{"start":{"line":3,"column":16},"end":{"line":3,"column":38}},"1":{"start":{"line":5,"column":15},"end":{"line":10,"column":2}}},"fnMap":{},"branchMap":{},"s":{"0":3,"1":3},"f":{},"b":{},"inputSourceMap":null,"_coverageSchema":"1a1c01bbd47fc00a2c39e90264f33305004495a9","hash":"01bc77cf2fdf205f304ee5a74bb39246dd6af1f9"}
,"C:\\Users\\SILVIA\\Desktop\\stack\\server\\routes\\auth.routes.js": {"path":"C:\\Users\\SILVIA\\Desktop\\stack\\server\\routes\\auth.routes.js","statementMap":{"0":{"start":{"line":4,"column":15},"end":{"line":4,"column":23}},"1":{"start":{"line":7,"column":0},"end":{"line":7,"column":29}}},"fnMap":{},"branchMap":{},"s":{"0":3,"1":3},"f":{},"b":{},"inputSourceMap":null,"_coverageSchema":"1a1c01bbd47fc00a2c39e90264f33305004495a9","hash":"d8af9515576889db8745bae8193fc13fb3f97073"}
,"C:\\Users\\SILVIA\\Desktop\\stack\\server\\routes\\books.routes.js": {"path":"C:\\Users\\SILVIA\\Desktop\\stack\\server\\routes\\books.routes.js","statementMap":{"0":{"start":{"line":4,"column":15},"end":{"line":4,"column":23}},"1":{"start":{"line":6,"column":0},"end":{"line":16,"column":3}},"2":{"start":{"line":7,"column":2},"end":{"line":15,"column":3}},"3":{"start":{"line":8,"column":19},"end":{"line":10,"column":5}},"4":{"start":{"line":11,"column":4},"end":{"line":11,"column":19}},"5":{"start":{"line":13,"column":4},"end":{"line":13,"column":51}},"6":{"start":{"line":14,"column":4},"end":{"line":14,"column":65}}},"fnMap":{"0":{"name":"(anonymous_0)","decl":{"start":{"line":6,"column":21},"end":{"line":6,"column":22}},"loc":{"start":{"line":6,"column":41},"end":{"line":16,"column":1}},"line":6}},"branchMap":{},"s":{"0":3,"1":3,"2":0,"3":0,"4":0,"5":0,"6":0},"f":{"0":0},"b":{},"inputSourceMap":null,"_coverageSchema":"1a1c01bbd47fc00a2c39e90264f33305004495a9","hash":"7d7d65a4eff1f37136b16607f80e958ad46b6007"}
,"C:\\Users\\SILVIA\\Desktop\\stack\\server\\routes\\index.routes.js": {"path":"C:\\Users\\SILVIA\\Desktop\\stack\\server\\routes\\index.routes.js","statementMap":{"0":{"start":{"line":4,"column":15},"end":{"line":4,"column":23}},"1":{"start":{"line":6,"column":0},"end":{"line":12,"column":3}},"2":{"start":{"line":7,"column":18},"end":{"line":7,"column":60}},"3":{"start":{"line":8,"column":4},"end":{"line":8,"column":25}},"4":{"start":{"line":9,"column":4},"end":{"line":9,"column":21}}},"fnMap":{"0":{"name":"(anonymous_0)","decl":{"start":{"line":6,"column":20},"end":{"line":6,"column":21}},"loc":{"start":{"line":6,"column":39},"end":{"line":12,"column":1}},"line":6}},"branchMap":{},"s":{"0":3,"1":3,"2":0,"3":0,"4":0},"f":{"0":0},"b":{},"inputSourceMap":null,"_coverageSchema":"1a1c01bbd47fc00a2c39e90264f33305004495a9","hash":"562221b0c70fbe34da4a6600224f6ddae1d63f93"}
,"C:\\Users\\SILVIA\\Desktop\\stack\\server\\routes\\loans.routes.js": {"path":"C:\\Users\\SILVIA\\Desktop\\stack\\server\\routes\\loans.routes.js","statementMap":{"0":{"start":{"line":11,"column":15},"end":{"line":11,"column":23}},"1":{"start":{"line":13,"column":0},"end":{"line":13,"column":31}},"2":{"start":{"line":14,"column":0},"end":{"line":14,"column":34}},"3":{"start":{"line":15,"column":0},"end":{"line":15,"column":34}},"4":{"start":{"line":16,"column":0},"end":{"line":16,"column":37}},"5":{"start":{"line":17,"column":0},"end":{"line":17,"column":44}},"6":{"start":{"line":18,"column":0},"end":{"line":18,"column":40}}},"fnMap":{},"branchMap":{},"s":{"0":3,"1":3,"2":3,"3":3,"4":3,"5":3,"6":3},"f":{},"b":{},"inputSourceMap":null,"_coverageSchema":"1a1c01bbd47fc00a2c39e90264f33305004495a9","hash":"5e91365f5d20646afeccd52c849d28248b8ad559"}
,"C:\\Users\\SILVIA\\Desktop\\stack\\server\\routes\\tasks.routes.js": {"path":"C:\\Users\\SILVIA\\Desktop\\stack\\server\\routes\\tasks.routes.js","statementMap":{"0":{"start":{"line":12,"column":15},"end":{"line":12,"column":23}},"1":{"start":{"line":14,"column":0},"end":{"line":14,"column":31}},"2":{"start":{"line":15,"column":0},"end":{"line":15,"column":34}},"3":{"start":{"line":17,"column":0},"end":{"line":17,"column":58}},"4":{"start":{"line":18,"column":0},"end":{"line":18,"column":61}},"5":{"start":{"line":20,"column":0},"end":{"line":20,"column":40}},"6":{"start":{"line":21,"column":0},"end":{"line":21,"column":44}}},"fnMap":{},"branchMap":{},"s":{"0":3,"1":3,"2":3,"3":3,"4":3,"5":3,"6":3},"f":{},"b":{},"inputSourceMap":null,"_coverageSchema":"1a1c01bbd47fc00a2c39e90264f33305004495a9","hash":"65dce99ce0d5649db5a59a64d0af8784f1ed8352"}
}
