TN:
SF:cloudinary.js
FNF:0
FNH:0
DA:4,3
DA:6,3
DA:11,3
DA:17,3
DA:19,0
LF:5
LH:4
BRDA:6,0,0,3
BRDA:6,0,1,0
BRDA:7,1,0,3
BRDA:7,1,1,3
BRDA:7,1,2,3
BRF:5
BRH:4
end_of_record
TN:
SF:db.js
FN:28,(anonymous_0)
FNF:1
FNH:1
FNDA:3,(anonymous_0)
DA:4,3
DA:7,3
DA:10,3
DA:28,3
DA:29,3
DA:30,3
DA:31,3
DA:34,3
DA:36,0
LF:9
LH:8
BRDA:22,0,0,0
BRDA:22,0,1,3
BRDA:32,1,0,0
BRDA:32,1,1,3
BRF:4
BRH:2
end_of_record
TN:
SF:index.js
FN:32,(anonymous_0)
FNF:1
FNH:0
FNDA:0,(anonymous_0)
DA:6,3
DA:14,3
DA:16,3
DA:17,3
DA:18,3
DA:21,3
DA:22,3
DA:23,3
DA:24,3
DA:25,3
DA:28,3
DA:30,3
DA:31,0
DA:32,0
DA:33,0
LF:15
LH:12
BRDA:30,0,0,0
BRDA:30,0,1,3
BRDA:31,1,0,0
BRDA:31,1,1,0
BRF:4
BRH:1
end_of_record
TN:
SF:controllers\auth.controllers.js
FN:3,(anonymous_0)
FNF:1
FNH:1
FNDA:4,(anonymous_0)
DA:3,3
DA:4,4
DA:6,4
DA:7,4
DA:12,4
DA:13,2
DA:16,2
DA:18,0
DA:19,0
LF:9
LH:7
BRDA:12,0,0,2
BRDA:12,0,1,2
BRF:2
BRH:2
end_of_record
TN:
SF:controllers\loans.controllers.js
FN:6,(anonymous_0)
FN:21,(anonymous_1)
FN:42,(anonymous_2)
FN:103,(anonymous_3)
FN:155,(anonymous_4)
FN:176,(anonymous_5)
FNF:6
FNH:5
FNDA:1,(anonymous_0)
FNDA:0,(anonymous_1)
FNDA:1,(anonymous_2)
FNDA:1,(anonymous_3)
FNDA:1,(anonymous_4)
FNDA:1,(anonymous_5)
DA:6,3
DA:7,1
DA:8,1
DA:11,1
DA:13,0
DA:14,0
DA:21,3
DA:22,0
DA:23,0
DA:28,0
DA:29,0
DA:32,0
DA:34,0
DA:42,3
DA:43,1
DA:45,1
DA:46,1
DA:49,1
DA:52,1
DA:55,1
DA:58,1
DA:73,1
DA:79,1
DA:81,1
DA:91,0
DA:92,0
DA:93,0
DA:95,1
DA:103,3
DA:104,1
DA:106,1
DA:107,1
DA:110,1
DA:115,1
DA:116,0
DA:117,0
DA:120,1
DA:123,1
DA:129,1
DA:134,1
DA:136,1
DA:141,1
DA:144,0
DA:145,0
DA:146,0
DA:148,1
DA:155,3
DA:156,1
DA:157,1
DA:162,1
DA:167,1
DA:169,0
DA:176,3
DA:177,1
DA:178,1
DA:182,1
DA:184,0
LF:57
LH:39
BRDA:28,0,0,0
BRDA:28,0,1,0
BRDA:55,1,0,1
BRDA:55,1,1,0
BRDA:115,2,0,0
BRDA:115,2,1,1
BRF:6
BRH:2
end_of_record
TN:
SF:controllers\tasks.controllers.js
FN:7,(anonymous_0)
FN:20,(anonymous_1)
FN:39,(anonymous_2)
FN:95,(anonymous_3)
FN:136,(anonymous_4)
FN:148,(anonymous_5)
FNF:6
FNH:4
FNDA:1,(anonymous_0)
FNDA:0,(anonymous_1)
FNDA:1,(anonymous_2)
FNDA:1,(anonymous_3)
FNDA:1,(anonymous_4)
FNDA:0,(anonymous_5)
DA:7,3
DA:8,1
DA:9,1
DA:10,1
DA:12,0
DA:13,0
DA:20,3
DA:21,0
DA:22,0
DA:26,0
DA:27,0
DA:30,0
DA:32,0
DA:39,3
DA:40,1
DA:41,1
DA:42,1
DA:45,1
DA:46,1
DA:49,1
DA:54,0
DA:60,0
DA:64,1
DA:78,1
DA:87,0
DA:88,0
DA:95,3
DA:96,1
DA:97,1
DA:98,1
DA:100,1
DA:105,0
DA:111,0
DA:114,1
DA:115,1
DA:117,1
DA:122,1
DA:126,1
DA:128,0
DA:129,0
DA:136,3
DA:137,1
DA:138,1
DA:139,1
DA:141,0
DA:148,3
DA:149,0
DA:150,0
DA:154,0
DA:156,0
DA:161,0
DA:165,0
DA:167,0
LF:53
LH:29
BRDA:26,0,0,0
BRDA:26,0,1,0
BRDA:46,1,0,1
BRDA:46,1,1,0
BRDA:49,2,0,0
BRDA:49,2,1,1
BRDA:50,3,0,1
BRDA:50,3,1,0
BRDA:50,3,2,0
BRDA:100,4,0,0
BRDA:100,4,1,1
BRDA:101,5,0,1
BRDA:101,5,1,0
BRDA:101,5,2,0
BRDA:115,6,0,0
BRDA:115,6,1,1
BRDA:154,7,0,0
BRDA:154,7,1,0
BRF:18
BRH:6
end_of_record
TN:
SF:middlewares\upload.js
FNF:0
FNH:0
DA:3,3
DA:5,3
LF:2
LH:2
BRF:0
BRH:0
end_of_record
TN:
SF:routes\auth.routes.js
FNF:0
FNH:0
DA:4,3
DA:7,3
LF:2
LH:2
BRF:0
BRH:0
end_of_record
TN:
SF:routes\books.routes.js
FN:6,(anonymous_0)
FNF:1
FNH:0
FNDA:0,(anonymous_0)
DA:4,3
DA:6,3
DA:7,0
DA:8,0
DA:11,0
DA:13,0
DA:14,0
LF:7
LH:2
BRF:0
BRH:0
end_of_record
TN:
SF:routes\index.routes.js
FN:6,(anonymous_0)
FNF:1
FNH:0
FNDA:0,(anonymous_0)
DA:4,3
DA:6,3
DA:7,0
DA:8,0
DA:9,0
LF:5
LH:2
BRF:0
BRH:0
end_of_record
TN:
SF:routes\loans.routes.js
FNF:0
FNH:0
DA:11,3
DA:13,3
DA:14,3
DA:15,3
DA:16,3
DA:17,3
DA:18,3
LF:7
LH:7
BRF:0
BRH:0
end_of_record
TN:
SF:routes\tasks.routes.js
FNF:0
FNH:0
DA:12,3
DA:14,3
DA:15,3
DA:17,3
DA:18,3
DA:20,3
DA:21,3
LF:7
LH:7
BRF:0
BRH:0
end_of_record
